{
  "RSpec": {
    "coverage": {
      "C:/Users/LawrenceAduKwabenaDa/Documents/Larry/Dev/RoR Projects/blog-api/spec/models/blog_spec.rb": {
        "lines": [
          1,
          null,
          1,
          2,
          2,
          null,
          2,
          2,
          2,
          null,
          2,
          2,
          null,
          null
        ]
      },
      "C:/Users/LawrenceAduKwabenaDa/Documents/Larry/Dev/RoR Projects/blog-api/spec/rails_helper.rb": {
        "lines": [
          null,
          1,
          1,
          1,
          null,
          1,
          1,
          1,
          null,
          null,
          1,
          1,
          1,
          1,
          null,
          null,
          null,
          null,
          null,
          null,
          null,
          null,
          null,
          null,
          null,
          null,
          null,
          null,
          null,
          null,
          3,
          null,
          null,
          null,
          null,
          1,
          null,
          0,
          null,
          null,
          1,
          null,
          1,
          null,
          null,
          null,
          null,
          1,
          null,
          null,
          null,
          null,
          null,
          1,
          null,
          null,
          1,
          1,
          1,
          null,
          null,
          null,
          1,
          53,
          53,
          null,
          null,
          null,
          null,
          null,
          null,
          null,
          null,
          null,
          null,
          null,
          null,
          null,
          null,
          null,
          null,
          1,
          null,
          null,
          null,
          1,
          null,
          null,
          1,
          null,
          null,
          null
        ]
      },
      "C:/Users/LawrenceAduKwabenaDa/Documents/Larry/Dev/RoR Projects/blog-api/config/environment.rb": {
        "lines": [
          null,
          1,
          null,
          null,
          1
        ]
      },
      "C:/Users/LawrenceAduKwabenaDa/Documents/Larry/Dev/RoR Projects/blog-api/config/application.rb": {
        "lines": [
          1,
          null,
          1,
          null,
          1,
          1,
          1,
          1,
          1,
          1,
          1,
          1,
          1,
          1,
          null,
          null,
          null,
          null,
          1,
          null,
          1,
          1,
          null,
          1,
          null,
          null,
          null,
          null,
          null,
          null,
          null,
          null,
          null,
          null,
          null,
          null,
          1,
          null,
          null
        ]
      },
      "C:/Users/LawrenceAduKwabenaDa/Documents/Larry/Dev/RoR Projects/blog-api/config/boot.rb": {
        "lines": [
          1,
          null,
          1,
          1
        ]
      },
      "C:/Users/LawrenceAduKwabenaDa/Documents/Larry/Dev/RoR Projects/blog-api/config/environments/test.rb": {
        "lines": [
          1,
          null,
          null,
          null,
          null,
          null,
          null,
          1,
          null,
          null,
          null,
          1,
          null,
          null,
          null,
          null,
          1,
          null,
          null,
          1,
          1,
          null,
          null,
          null,
          null,
          1,
          1,
          1,
          null,
          null,
          1,
          null,
          null,
          1,
          null,
          null,
          1,
          null,
          1,
          null,
          null,
          null,
          null,
          1,
          null,
          null,
          1,
          null,
          null,
          1,
          null,
          null,
          1,
          null,
          null,
          null,
          null,
          null,
          null,
          null
        ]
      },
      "C:/Users/LawrenceAduKwabenaDa/Documents/Larry/Dev/RoR Projects/blog-api/config/initializers/cors.rb": {
        "lines": [
          null,
          null,
          null,
          null,
          null,
          null,
          null,
          1,
          1,
          1,
          null,
          1,
          null,
          null,
          null,
          null,
          null
        ]
      },
      "C:/Users/LawrenceAduKwabenaDa/Documents/Larry/Dev/RoR Projects/blog-api/config/initializers/devise.rb": {
        "lines": [
          null,
          null,
          null,
          null,
          null,
          null,
          null,
          null,
          null,
          null,
          1,
          null,
          null,
          null,
          null,
          null,
          null,
          null,
          null,
          null,
          null,
          null,
          null,
          null,
          null,
          null,
          1,
          null,
          null,
          null,
          null,
          null,
          null,
          null,
          null,
          null,
          null,
          null,
          1,
          null,
          null,
          null,
          null,
          null,
          null,
          null,
          null,
          null,
          null,
          null,
          null,
          null,
          null,
          null,
          null,
          null,
          null,
          null,
          null,
          null,
          1,
          null,
          null,
          null,
          null,
          1,
          null,
          null,
          null,
          null,
          null,
          null,
          null,
          null,
          null,
          null,
          null,
          null,
          null,
          null,
          null,
          null,
          null,
          null,
          null,
          null,
          null,
          null,
          null,
          null,
          null,
          null,
          null,
          null,
          null,
          null,
          null,
          null,
          null,
          1,
          null,
          null,
          null,
          null,
          null,
          null,
          null,
          null,
          null,
          null,
          null,
          null,
          null,
          null,
          null,
          null,
          null,
          null,
          null,
          null,
          null,
          null,
          null,
          null,
          null,
          1,
          null,
          null,
          null,
          null,
          null,
          null,
          null,
          null,
          null,
          null,
          null,
          null,
          null,
          null,
          null,
          null,
          null,
          null,
          null,
          null,
          null,
          null,
          null,
          null,
          null,
          null,
          null,
          null,
          null,
          null,
          null,
          null,
          null,
          1,
          null,
          null,
          null,
          null,
          null,
          null,
          null,
          null,
          null,
          1,
          null,
          null,
          null,
          null,
          null,
          null,
          null,
          null,
          null,
          null,
          1,
          null,
          null,
          null,
          null,
          1,
          null,
          null,
          null,
          null,
          null,
          null,
          null,
          null,
          null,
          null,
          null,
          null,
          null,
          null,
          null,
          null,
          null,
          null,
          null,
          null,
          null,
          null,
          null,
          null,
          null,
          null,
          null,
          null,
          null,
          null,
          null,
          null,
          null,
          null,
          null,
          null,
          null,
          null,
          null,
          null,
          1,
          null,
          null,
          null,
          null,
          null,
          null,
          null,
          null,
          null,
          null,
          null,
          null,
          null,
          null,
          null,
          null,
          null,
          null,
          null,
          null,
          null,
          null,
          null,
          null,
          null,
          null,
          null,
          null,
          null,
          null,
          null,
          null,
          null,
          null,
          null,
          null,
          null,
          null,
          1,
          null,
          null,
          1,
          null,
          null,
          null,
          null,
          null,
          null,
          null,
          null,
          null,
          null,
          null,
          null,
          null,
          null,
          null,
          null,
          null,
          null,
          null,
          null,
          null,
          null,
          null,
          null,
          null,
          null,
          null,
          null,
          null,
          null,
          null,
          null,
          null,
          null,
          null,
          1,
          1,
          null,
          null,
          null,
          null,
          null,
          null,
          null,
          1,
          1,
          null,
          1,
          null,
          null,
          1,
          null,
          null,
          1,
          null,
          null
        ]
      },
      "C:/Users/LawrenceAduKwabenaDa/Documents/Larry/Dev/RoR Projects/blog-api/config/initializers/filter_parameter_logging.rb": {
        "lines": [
          null,
          null,
          null,
          null,
          null,
          1,
          null,
          null
        ]
      },
      "C:/Users/LawrenceAduKwabenaDa/Documents/Larry/Dev/RoR Projects/blog-api/config/initializers/inflections.rb": {
        "lines": [
          null,
          null,
          null,
          null,
          null,
          null,
          null,
          null,
          null,
          null,
          null,
          null,
          null,
          null,
          null,
          null
        ]
      },
      "C:/Users/LawrenceAduKwabenaDa/Documents/Larry/Dev/RoR Projects/blog-api/spec/factories/blog.rb": {
        "lines": [
          1,
          1,
          151,
          151,
          151,
          151,
          151,
          null,
          null
        ]
      },
      "C:/Users/LawrenceAduKwabenaDa/Documents/Larry/Dev/RoR Projects/blog-api/spec/factories/category.rb": {
        "lines": [
          1,
          1,
          200,
          null,
          null
        ]
      },
      "C:/Users/LawrenceAduKwabenaDa/Documents/Larry/Dev/RoR Projects/blog-api/spec/factories/user.rb": {
        "lines": [
          1,
          1,
          194,
          194,
          194,
          194,
          null,
          null
        ]
      },
      "C:/Users/LawrenceAduKwabenaDa/Documents/Larry/Dev/RoR Projects/blog-api/config/routes.rb": {
        "lines": [
          1,
          1,
          1,
          null,
          null,
          null,
          null,
          null,
          null,
          null,
          null,
          null,
          null,
          null,
          null,
          1,
          1,
          1,
          1,
          null,
          null,
          null
        ]
      },
      "C:/Users/LawrenceAduKwabenaDa/Documents/Larry/Dev/RoR Projects/blog-api/app/models/user.rb": {
        "lines": [
          1,
          1,
          null,
          null,
          1,
          null,
          null,
          null,
          1,
          1,
          null,
          1,
          1,
          1,
          1,
          null
        ]
      },
      "C:/Users/LawrenceAduKwabenaDa/Documents/Larry/Dev/RoR Projects/blog-api/app/models/application_record.rb": {
        "lines": [
          1,
          1,
          null
        ]
      },
      "C:/Users/LawrenceAduKwabenaDa/Documents/Larry/Dev/RoR Projects/blog-api/spec/support/request_spec_helper.rb": {
        "lines": [
          1,
          1,
          13,
          null,
          null,
          1,
          31,
          null,
          null,
          null,
          null,
          null,
          null,
          null
        ]
      },
      "C:/Users/LawrenceAduKwabenaDa/Documents/Larry/Dev/RoR Projects/blog-api/spec/support/user_spec_helper.rb": {
        "lines": [
          1,
          1,
          1,
          null,
          1,
          null,
          null
        ]
      },
      "C:/Users/LawrenceAduKwabenaDa/Documents/Larry/Dev/RoR Projects/blog-api/app/models/blog.rb": {
        "lines": [
          1,
          null,
          1,
          1,
          null,
          1,
          null,
          1,
          1,
          1,
          null,
          1,
          null,
          null,
          null,
          null,
          null,
          null,
          null,
          null
        ]
      },
      "C:/Users/LawrenceAduKwabenaDa/Documents/Larry/Dev/RoR Projects/blog-api/spec/models/category_spec.rb": {
        "lines": [
          1,
          null,
          1,
          2,
          null,
          2,
          null,
          2,
          null
        ]
      },
      "C:/Users/LawrenceAduKwabenaDa/Documents/Larry/Dev/RoR Projects/blog-api/app/models/category.rb": {
        "lines": [
          1,
          1,
          1,
          null
        ]
      },
      "C:/Users/LawrenceAduKwabenaDa/Documents/Larry/Dev/RoR Projects/blog-api/spec/models/user_spec.rb": {
        "lines": [
          1,
          null,
          1,
          10,
          2,
          2,
          2,
          2,
          null,
          2,
          2,
          null,
          2,
          null,
          2,
          null,
          1,
          2,
          null,
          null
        ]
      },
      "C:/Users/LawrenceAduKwabenaDa/Documents/Larry/Dev/RoR Projects/blog-api/spec/requests/authentication_spec.rb": {
        "lines": [
          1,
          1,
          null,
          1,
          6,
          null,
          1,
          1,
          3,
          null,
          1,
          1,
          null,
          null,
          1,
          1,
          null,
          null,
          null,
          1,
          null,
          1,
          1,
          null,
          null,
          null,
          null,
          null,
          1,
          null,
          null,
          null,
          1,
          1,
          null,
          null,
          null,
          null,
          null,
          1,
          null,
          null,
          null,
          null,
          1,
          1,
          1,
          1,
          1,
          null,
          1,
          null,
          null,
          1,
          1,
          null,
          null,
          null,
          null
        ]
      },
      "C:/Users/LawrenceAduKwabenaDa/Documents/Larry/Dev/RoR Projects/blog-api/spec/requests/blogs_spec.rb": {
        "lines": [
          1,
          null,
          1,
          null,
          16,
          10,
          12,
          null,
          null,
          1,
          null,
          1,
          2,
          2,
          null,
          2,
          null,
          2,
          null,
          null,
          1,
          1,
          null,
          null,
          1,
          1,
          1,
          null,
          null,
          null,
          null,
          null,
          1,
          null,
          1,
          4,
          4,
          4,
          null,
          4,
          null,
          null,
          1,
          null,
          1,
          1,
          null,
          null,
          1,
          1,
          1,
          null,
          null,
          null,
          1,
          3,
          null,
          1,
          2,
          2,
          null,
          2,
          null,
          null,
          1,
          1,
          null,
          null,
          1,
          1,
          null,
          null,
          null,
          null,
          null,
          null,
          1,
          5,
          5,
          1,
          null,
          2,
          null,
          null,
          null,
          null,
          null,
          null,
          null,
          1,
          1,
          2,
          2,
          2,
          null,
          2,
          null,
          null,
          1,
          1,
          null,
          null,
          1,
          1,
          1,
          1,
          null,
          null,
          null,
          1,
          null,
          1,
          2,
          2,
          2,
          null,
          2,
          null,
          null,
          1,
          1,
          null,
          null,
          1,
          1,
          null,
          null,
          null,
          null,
          null,
          null,
          1,
          5,
          null,
          1,
          4,
          null,
          4,
          4,
          null,
          4,
          null,
          null,
          1,
          1,
          1,
          null,
          null,
          1,
          1,
          1,
          null,
          null,
          null,
          1,
          null,
          1,
          2,
          null,
          2,
          2,
          null,
          2,
          null,
          null,
          1,
          1,
          null,
          null,
          1,
          1,
          null,
          null,
          null,
          null,
          null,
          1,
          null,
          1,
          1,
          1,
          1,
          null,
          1,
          null,
          null,
          1,
          1,
          null,
          null,
          null
        ]
      },
      "C:/Users/LawrenceAduKwabenaDa/Documents/Larry/Dev/RoR Projects/blog-api/spec/requests/categories_spec.rb": {
        "lines": [
          1,
          null,
          1,
          10,
          10,
          10,
          null,
          null,
          1,
          null,
          1,
          2,
          null,
          2,
          2,
          null,
          2,
          null,
          null,
          1,
          1,
          null,
          null,
          1,
          1,
          1,
          null,
          null,
          null,
          null,
          null,
          1,
          1,
          2,
          null,
          2,
          2,
          null,
          2,
          null,
          null,
          1,
          1,
          1,
          null,
          null,
          1,
          1,
          1,
          null,
          null,
          null,
          null,
          null,
          null,
          1,
          3,
          null,
          1,
          1,
          2,
          null,
          2,
          2,
          null,
          2,
          null,
          null,
          1,
          1,
          null,
          null,
          1,
          1,
          null,
          null,
          null,
          1,
          1,
          2,
          null,
          2,
          2,
          null,
          2,
          null,
          null,
          1,
          1,
          null,
          null,
          1,
          1,
          null,
          null,
          null,
          null,
          null,
          null,
          1,
          1,
          1,
          null,
          1,
          1,
          null,
          1,
          null,
          null,
          1,
          1,
          null,
          null,
          null
        ]
      },
      "C:/Users/LawrenceAduKwabenaDa/Documents/Larry/Dev/RoR Projects/blog-api/spec/requests/current_user_spec.rb": {
        "lines": [
          1,
          null,
          1,
          3,
          null,
          1,
          1,
          2,
          2,
          2,
          null,
          2,
          null,
          null,
          1,
          1,
          null,
          null,
          1,
          1,
          null,
          null,
          null,
          null
        ]
      },
      "C:/Users/LawrenceAduKwabenaDa/Documents/Larry/Dev/RoR Projects/blog-api/spec/requests/users_request_spec.rb": {
        "lines": [
          1,
          null,
          1,
          3,
          2,
          null,
          1,
          1,
          3,
          null,
          null,
          null,
          null,
          null,
          null,
          null,
          null,
          null,
          1,
          1,
          null,
          null,
          1,
          1,
          null,
          null,
          null,
          1,
          1,
          1,
          null,
          null,
          null,
          null,
          null,
          null,
          null,
          null,
          null,
          null,
          1,
          1,
          null,
          null,
          null,
          null
        ]
      },
      "C:/Users/LawrenceAduKwabenaDa/Documents/Larry/Dev/RoR Projects/blog-api/app/controllers/users/sessions_controller.rb": {
        "lines": [
          null,
          null,
          1,
          1,
          1,
          null,
          null,
          null,
          null,
          null,
          null,
          null,
          null,
          null,
          null,
          null,
          null,
          null,
          null,
          null,
          null,
          null,
          null,
          null,
          null,
          null,
          null,
          null,
          null,
          1,
          null,
          1,
          31,
          null,
          null,
          null,
          null,
          null,
          1,
          1,
          1,
          null,
          null,
          null,
          null,
          0,
          null,
          null,
          null,
          null,
          null,
          null,
          null
        ]
      },
      "C:/Users/LawrenceAduKwabenaDa/Documents/Larry/Dev/RoR Projects/blog-api/app/controllers/application_controller.rb": {
        "lines": [
          1,
          1,
          1,
          null,
          1,
          null,
          1,
          null,
          1,
          36,
          36,
          null,
          null,
          null,
          null
        ]
      },
      "C:/Users/LawrenceAduKwabenaDa/Documents/Larry/Dev/RoR Projects/blog-api/app/controllers/concerns/response.rb": {
        "lines": [
          1,
          1,
          4,
          null,
          null
        ]
      },
      "C:/Users/LawrenceAduKwabenaDa/Documents/Larry/Dev/RoR Projects/blog-api/app/controllers/concerns/exception_handler.rb": {
        "lines": [
          1,
          1,
          1,
          null,
          1,
          4,
          null,
          null,
          1,
          0,
          null,
          null,
          1,
          0,
          null,
          null,
          null,
          null
        ]
      },
      "C:/Users/LawrenceAduKwabenaDa/Documents/Larry/Dev/RoR Projects/blog-api/app/controllers/concerns/rack_session_fix.rb": {
        "lines": [
          1,
          1,
          1,
          1,
          36,
          null,
          null,
          1,
          2,
          2,
          2,
          36,
          null,
          null,
          null
        ]
      },
      "C:/Users/LawrenceAduKwabenaDa/Documents/Larry/Dev/RoR Projects/blog-api/app/serializers/user_serializer.rb": {
        "lines": [
          1,
          1,
          1,
          null,
          1,
          35,
          null,
          null,
          1,
          35,
          0,
          null,
          null,
          null
        ]
      },
      "C:/Users/LawrenceAduKwabenaDa/Documents/Larry/Dev/RoR Projects/blog-api/app/controllers/Api/V1/blogs_controller.rb": {
        "lines": [
          1,
          1,
          1,
          null,
          null,
          1,
          2,
          2,
          null,
          null,
          null,
          1,
          4,
          null,
          4,
          4,
          null,
          4,
          null,
          4,
          2,
          null,
          2,
          null,
          null,
          null,
          null,
          null,
          null,
          1,
          4,
          null,
          null,
          null,
          null,
          1,
          null,
          4,
          4,
          null,
          0,
          null,
          null,
          null,
          null,
          null,
          1,
          1,
          1,
          null,
          null,
          null,
          1,
          null,
          1,
          12,
          12,
          12,
          null,
          12,
          null,
          null,
          1,
          13,
          null,
          null
        ]
      },
      "C:/Users/LawrenceAduKwabenaDa/Documents/Larry/Dev/RoR Projects/blog-api/app/representers/blogs_representer.rb": {
        "lines": [
          1,
          1,
          2,
          null,
          null,
          1,
          2,
          null,
          20,
          null,
          null,
          null,
          null,
          null,
          null,
          null,
          null,
          null,
          1,
          null,
          1,
          null
        ]
      },
      "C:/Users/LawrenceAduKwabenaDa/Documents/Larry/Dev/RoR Projects/blog-api/app/representers/blog_representer.rb": {
        "lines": [
          1,
          1,
          6,
          null,
          null,
          1,
          null,
          6,
          null,
          null,
          null,
          null,
          null,
          null,
          null,
          null,
          1,
          null,
          1,
          null
        ]
      },
      "C:/Users/LawrenceAduKwabenaDa/Documents/Larry/Dev/RoR Projects/blog-api/app/controllers/Api/V1/categories_controller.rb": {
        "lines": [
          1,
          1,
          1,
          null,
          1,
          2,
          2,
          null,
          null,
          null,
          1,
          4,
          4,
          2,
          null,
          2,
          null,
          null,
          null,
          1,
          2,
          null,
          null,
          null,
          1,
          1,
          1,
          null,
          null,
          1,
          null,
          1,
          4,
          null,
          null,
          1,
          3,
          null,
          null
        ]
      },
      "C:/Users/LawrenceAduKwabenaDa/Documents/Larry/Dev/RoR Projects/blog-api/app/representers/categories_representer.rb": {
        "lines": [
          1,
          1,
          2,
          null,
          null,
          1,
          2,
          null,
          10,
          null,
          null,
          null,
          null,
          null,
          1,
          null,
          1,
          null
        ]
      },
      "C:/Users/LawrenceAduKwabenaDa/Documents/Larry/Dev/RoR Projects/blog-api/app/representers/category_representer.rb": {
        "lines": [
          1,
          1,
          4,
          null,
          null,
          1,
          null,
          4,
          null,
          null,
          null,
          null,
          1,
          null,
          1,
          null
        ]
      },
      "C:/Users/LawrenceAduKwabenaDa/Documents/Larry/Dev/RoR Projects/blog-api/app/controllers/current_user_controller.rb": {
        "lines": [
          1,
          1,
          1,
          2,
          null,
          null
        ]
      },
      "C:/Users/LawrenceAduKwabenaDa/Documents/Larry/Dev/RoR Projects/blog-api/app/controllers/users/registrations_controller.rb": {
        "lines": [
          null,
          null,
          1,
          1,
          1,
          null,
          null,
          null,
          null,
          null,
          null,
          null,
          null,
          null,
          null,
          null,
          null,
          null,
          null,
          null,
          null,
          null,
          null,
          null,
          null,
          null,
          null,
          null,
          null,
          null,
          null,
          null,
          null,
          null,
          null,
          null,
          null,
          null,
          null,
          null,
          null,
          null,
          null,
          null,
          null,
          null,
          null,
          null,
          null,
          null,
          null,
          null,
          null,
          null,
          null,
          null,
          null,
          null,
          null,
          null,
          null,
          null,
          null,
          null,
          1,
          null,
          1,
          3,
          2,
          null,
          null,
          null,
          1,
          0,
          null,
          null,
          null,
          1,
          null,
          null,
          null,
          null,
          null
        ]
      }
    },
    "timestamp": 1686827538
  }
}
